Using pre-set license
Built from '2020.3/release' branch; Version is '2020.3.1f1 (77a89f25062f) revision 7841951'; Using compiler version '192528614'; Build Type 'Release'
OS: 'Windows 10 Home Single Language; OS build 19041.985; Version 2004; 64bit' Language: 'es' Physical Memory: 16298 MB
BatchMode: 1, IsHumanControllingUs: 0, StartBugReporterOnCrash: 0, Is64bit: 1, IsPro: 0

 COMMAND LINE ARGUMENTS:
C:\Program Files\Unity\Hub\Editor\2020.3.1f1\Editor\Unity.exe
-adb2
-batchMode
-noUpm
-name
AssetImportWorker0
-projectPath
C:/Users/Sergio/Desktop/Engineering/6to/Dise単o de interacciones/proyectoFinal/proyectoFinal_ddi/Rpg_game_ddi
-logFile
Logs/AssetImportWorker0.log
-srvPort
62393
Successfully changed project path to: C:/Users/Sergio/Desktop/Engineering/6to/Dise単o de interacciones/proyectoFinal/proyectoFinal_ddi/Rpg_game_ddi
C:/Users/Sergio/Desktop/Engineering/6to/Dise単o de interacciones/proyectoFinal/proyectoFinal_ddi/Rpg_game_ddi
Using Asset Import Pipeline V2.
Refreshing native plugins compatible for Editor in 45.20 ms, found 0 plugins.
Preloading 0 native plugins for Editor in 0.00 ms.
Initialize engine version: 2020.3.1f1 (77a89f25062f)
[Subsystems] Discovering subsystems at path C:/Program Files/Unity/Hub/Editor/2020.3.1f1/Editor/Data/Resources/UnitySubsystems
[Subsystems] Discovering subsystems at path C:/Users/Sergio/Desktop/Engineering/6to/Dise単o de interacciones/proyectoFinal/proyectoFinal_ddi/Rpg_game_ddi/Assets
GfxDevice: creating device client; threaded=0
Direct3D:
    Version:  Direct3D 11.0 [level 11.1]
    Renderer: NVIDIA GeForce RTX 2060 (ID=0x1e89)
    Vendor:   
    VRAM:     5968 MB
    Driver:   27.21.14.6647
Initialize mono
Mono path[0] = 'C:/Program Files/Unity/Hub/Editor/2020.3.1f1/Editor/Data/Managed'
Mono path[1] = 'C:/Program Files/Unity/Hub/Editor/2020.3.1f1/Editor/Data/MonoBleedingEdge/lib/mono/unityjit'
Mono config path = 'C:/Program Files/Unity/Hub/Editor/2020.3.1f1/Editor/Data/MonoBleedingEdge/etc'
Using monoOptions --debugger-agent=transport=dt_socket,embedding=1,server=y,suspend=n,address=127.0.0.1:56312
Begin MonoManager ReloadAssembly
Registering precompiled unity dll's ...
Register platform support module: C:/Program Files/Unity/Hub/Editor/2020.3.1f1/Editor/Data/PlaybackEngines/WindowsStandaloneSupport/UnityEditor.WindowsStandalone.Extensions.dll
Registered in 0.001913 seconds.
Native extension for WindowsStandalone target not found
Refreshing native plugins compatible for Editor in 41.21 ms, found 0 plugins.
Preloading 0 native plugins for Editor in 0.00 ms.
Invoked RoslynAnalysisRunner static constructor.
RoslynAnalysisRunner will not be running.
RoslynAnalysisRunner has terminated.
Mono: successfully reloaded assembly
- Completed reload, in  1.505 seconds
Platform modules already initialized, skipping
Registering precompiled user dll's ...
Registered in 0.002591 seconds.
Begin MonoManager ReloadAssembly
Native extension for WindowsStandalone target not found
Refreshing native plugins compatible for Editor in 0.51 ms, found 0 plugins.
Preloading 0 native plugins for Editor in 0.00 ms.
Invoked RoslynAnalysisRunner static constructor.
RoslynAnalysisRunner will not be running.
RoslynAnalysisRunner has terminated.
Mono: successfully reloaded assembly
- Completed reload, in  0.721 seconds
Platform modules already initialized, skipping
========================================================================
Worker process is ready to serve import requests
Launched and connected shader compiler UnityShaderCompiler.exe after 0.04 seconds
Refreshing native plugins compatible for Editor in 0.48 ms, found 0 plugins.
Preloading 0 native plugins for Editor in 0.00 ms.
Unloading 2089 Unused Serialized files (Serialized files now loaded: 0)
System memory in use before: 86.7 MB.
System memory in use after: 86.8 MB.

Unloading 34 unused Assets to reduce memory usage. Loaded Objects now: 2517.
Total: 1.937000 ms (FindLiveObjects: 0.265000 ms CreateObjectMapping: 0.070600 ms MarkObjects: 1.574400 ms  DeleteObjects: 0.026200 ms)

========================================================================
Received Import Request.
  path: Assets/Readme.asset
  artifactKey: Guid(83c2ed844a8c74b779a4c823d16594b1) Importer(815301076,1909f56bfc062723c751e8b465ee728b)
Start importing Assets/Readme.asset using Guid(83c2ed844a8c74b779a4c823d16594b1) Importer(815301076,1909f56bfc062723c751e8b465ee728b)  -> (artifact id: '4243f1a6f3f304da13ede09064ce7b5d') in 0.040046 seconds
  Import took 0.043334 seconds .

========================================================================
Received Import Request.
  Time since last request: 180.086979 seconds.
  path: Assets/unity-sdk-5.0.2/WatsonUnitySDK.asmdef
  artifactKey: Guid(09e6844a19c44194dae71b5f6d5e2f12) Importer(815301076,1909f56bfc062723c751e8b465ee728b)
Start importing Assets/unity-sdk-5.0.2/WatsonUnitySDK.asmdef using Guid(09e6844a19c44194dae71b5f6d5e2f12) Importer(815301076,1909f56bfc062723c751e8b465ee728b)  -> (artifact id: '1117ab1eea3919b9a00eba855be7ec5c') in 0.003702 seconds
  Import took 0.007270 seconds .

========================================================================
Received Import Request.
  Time since last request: 74.324247 seconds.
  path: Assets/unity-sdk-core-1.2.1/IBM.Cloud.SDK.asmdef
  artifactKey: Guid(1cf1caf48dd08cd4a8d02946dde92b42) Importer(815301076,1909f56bfc062723c751e8b465ee728b)
Start importing Assets/unity-sdk-core-1.2.1/IBM.Cloud.SDK.asmdef using Guid(1cf1caf48dd08cd4a8d02946dde92b42) Importer(815301076,1909f56bfc062723c751e8b465ee728b)  -> (artifact id: '80a785b4903478c51f62a456aae0ed98') in 0.001938 seconds
  Import took 0.004519 seconds .

========================================================================
Received Import Request.
  Time since last request: 132.642420 seconds.
  path: Assets/Creator Kit - RPG/Gameplay Prefabs/InventoryItem.prefab
  artifactKey: Guid(2a657642475934620a07fd2e829b35d7) Importer(815301076,1909f56bfc062723c751e8b465ee728b)
Start importing Assets/Creator Kit - RPG/Gameplay Prefabs/InventoryItem.prefab using Guid(2a657642475934620a07fd2e829b35d7) Importer(815301076,1909f56bfc062723c751e8b465ee728b)  -> (artifact id: '491abad858531c7ceeb54afbe637eaa4') in 0.070146 seconds
  Import took 0.073420 seconds .

========================================================================
Received Import Request.
  Time since last request: 0.000218 seconds.
  path: Assets/Creator Kit - RPG/Gameplay Prefabs/StoryItem.prefab
  artifactKey: Guid(c14338f3a43e548bd89e6e11c7bcb803) Importer(815301076,1909f56bfc062723c751e8b465ee728b)
Start importing Assets/Creator Kit - RPG/Gameplay Prefabs/StoryItem.prefab using Guid(c14338f3a43e548bd89e6e11c7bcb803) Importer(815301076,1909f56bfc062723c751e8b465ee728b)  -> (artifact id: '0ebd079291dabcf48e0d5f44d858aff4') in 0.004137 seconds
  Import took 0.006711 seconds .

========================================================================
Received Import Request.
  Time since last request: 0.000166 seconds.
  path: Assets/Creator Kit - RPG/Gameplay Prefabs/NPC.prefab
  artifactKey: Guid(74b5c6b26f0fc4028b9aac1a7a36767d) Importer(815301076,1909f56bfc062723c751e8b465ee728b)
Start importing Assets/Creator Kit - RPG/Gameplay Prefabs/NPC.prefab using Guid(74b5c6b26f0fc4028b9aac1a7a36767d) Importer(815301076,1909f56bfc062723c751e8b465ee728b)  -> (artifact id: 'f9cd46639bb9b153e94f68d53724c4ab') in 0.023790 seconds
  Import took 0.026893 seconds .

========================================================================
Received Import Request.
  Time since last request: 7.253706 seconds.
  path: Assets/unity-sdk-5.0.2/Examples
  artifactKey: Guid(a32f11534a067f147bc0a568e8b25a75) Importer(815301076,1909f56bfc062723c751e8b465ee728b)
Start importing Assets/unity-sdk-5.0.2/Examples using Guid(a32f11534a067f147bc0a568e8b25a75) Importer(815301076,1909f56bfc062723c751e8b465ee728b)  -> (artifact id: 'be9b3388eece6e00d612099ad9d2dd27') in 0.002189 seconds
  Import took 0.004837 seconds .

========================================================================
Received Import Request.
  Time since last request: 0.004236 seconds.
  path: Assets/unity-sdk-5.0.2/Examples
  artifactKey: Guid(a32f11534a067f147bc0a568e8b25a75) Importer(815301076,1909f56bfc062723c751e8b465ee728b)
Start importing Assets/unity-sdk-5.0.2/Examples using Guid(a32f11534a067f147bc0a568e8b25a75) Importer(815301076,1909f56bfc062723c751e8b465ee728b)  -> (artifact id: 'be9b3388eece6e00d612099ad9d2dd27') in 0.002179 seconds
  Import took 0.005204 seconds .

========================================================================
Received Import Request.
  Time since last request: 1.416569 seconds.
  path: Assets/unity-sdk-5.0.2/Examples/ExampleTextToSpeechV1.cs
  artifactKey: Guid(83ff781e4ff1146729663a093b169fdb) Importer(815301076,1909f56bfc062723c751e8b465ee728b)
Start importing Assets/unity-sdk-5.0.2/Examples/ExampleTextToSpeechV1.cs using Guid(83ff781e4ff1146729663a093b169fdb) Importer(815301076,1909f56bfc062723c751e8b465ee728b)  -> (artifact id: '7787b6dd8b5c827eab83921490567aa3') in 0.005286 seconds
  Import took 0.008273 seconds .

========================================================================
Received Import Request.
  Time since last request: 0.020863 seconds.
  path: Assets/unity-sdk-5.0.2/Examples/ExampleTextToSpeechV1.cs
  artifactKey: Guid(83ff781e4ff1146729663a093b169fdb) Importer(815301076,1909f56bfc062723c751e8b465ee728b)
Start importing Assets/unity-sdk-5.0.2/Examples/ExampleTextToSpeechV1.cs using Guid(83ff781e4ff1146729663a093b169fdb) Importer(815301076,1909f56bfc062723c751e8b465ee728b)  -> (artifact id: '7787b6dd8b5c827eab83921490567aa3') in 0.002253 seconds
  Import took 0.005273 seconds .

========================================================================
Received Import Request.
  Time since last request: 4.170711 seconds.
  path: Assets/unity-sdk-5.0.2/Examples/ExampleAssistantV2.unity
  artifactKey: Guid(39104fc61485a4149819b4ddfe57d6b5) Importer(815301076,1909f56bfc062723c751e8b465ee728b)
Start importing Assets/unity-sdk-5.0.2/Examples/ExampleAssistantV2.unity using Guid(39104fc61485a4149819b4ddfe57d6b5) Importer(815301076,1909f56bfc062723c751e8b465ee728b)  -> (artifact id: '2c7f70339c112017fdac250e2615605e') in 0.002681 seconds
  Import took 0.005538 seconds .

========================================================================
Received Import Request.
  Time since last request: 1.404272 seconds.
  path: Assets/unity-sdk-5.0.2/Examples/ExampleStreaming.unity
  artifactKey: Guid(b442792768092494dbb04c41f6154ae2) Importer(815301076,1909f56bfc062723c751e8b465ee728b)
Start importing Assets/unity-sdk-5.0.2/Examples/ExampleStreaming.unity using Guid(b442792768092494dbb04c41f6154ae2) Importer(815301076,1909f56bfc062723c751e8b465ee728b)  -> (artifact id: '2c6237bd35a58ef6c6ba9287273d1a2f') in 0.002742 seconds
  Import took 0.006041 seconds .

========================================================================
Received Import Request.
  Time since last request: 0.000476 seconds.
  path: Assets/unity-sdk-5.0.2/Examples/ExampleStreaming.unity
  artifactKey: Guid(b442792768092494dbb04c41f6154ae2) Importer(815301076,1909f56bfc062723c751e8b465ee728b)
Start importing Assets/unity-sdk-5.0.2/Examples/ExampleStreaming.unity using Guid(b442792768092494dbb04c41f6154ae2) Importer(815301076,1909f56bfc062723c751e8b465ee728b)  -> (artifact id: '2c6237bd35a58ef6c6ba9287273d1a2f') in 0.002156 seconds
  Import took 0.004813 seconds .

========================================================================
Received Import Request.
  Time since last request: 2.441013 seconds.
  path: Assets/unity-sdk-5.0.2/Examples/ExampleStreaming.cs
  artifactKey: Guid(dffcb047c29a9d04fbe134c6109b2c22) Importer(815301076,1909f56bfc062723c751e8b465ee728b)
Start importing Assets/unity-sdk-5.0.2/Examples/ExampleStreaming.cs using Guid(dffcb047c29a9d04fbe134c6109b2c22) Importer(815301076,1909f56bfc062723c751e8b465ee728b)  -> (artifact id: '4dc8b7bf5adc3da083890489d2cc9915') in 0.002253 seconds
  Import took 0.005211 seconds .

========================================================================
Received Import Request.
  Time since last request: 0.000388 seconds.
  path: Assets/unity-sdk-5.0.2/Examples/ExampleStreaming.cs
  artifactKey: Guid(dffcb047c29a9d04fbe134c6109b2c22) Importer(815301076,1909f56bfc062723c751e8b465ee728b)
Start importing Assets/unity-sdk-5.0.2/Examples/ExampleStreaming.cs using Guid(dffcb047c29a9d04fbe134c6109b2c22) Importer(815301076,1909f56bfc062723c751e8b465ee728b)  -> (artifact id: '4dc8b7bf5adc3da083890489d2cc9915') in 0.001950 seconds
  Import took 0.004807 seconds .

========================================================================
Received Import Request.
  Time since last request: 24.742193 seconds.
  path: Assets/unity-sdk-5.0.2/Examples/ExampleTextToSpeechV1.unity
  artifactKey: Guid(56551a67705f8446a856c0702292b46a) Importer(815301076,1909f56bfc062723c751e8b465ee728b)
Start importing Assets/unity-sdk-5.0.2/Examples/ExampleTextToSpeechV1.unity using Guid(56551a67705f8446a856c0702292b46a) Importer(815301076,1909f56bfc062723c751e8b465ee728b)  -> (artifact id: 'c5e0b53feb5038d0c8bd8e10c3b9396c') in 0.002684 seconds
  Import took 0.005735 seconds .

========================================================================
Received Import Request.
  Time since last request: 59.518463 seconds.
  path: Assets/Creator Kit - RPG/Prefabs/Character.prefab
  artifactKey: Guid(84535a21e4ab6412690b5fa8acc3908e) Importer(815301076,1909f56bfc062723c751e8b465ee728b)
Start importing Assets/Creator Kit - RPG/Prefabs/Character.prefab using Guid(84535a21e4ab6412690b5fa8acc3908e) Importer(815301076,1909f56bfc062723c751e8b465ee728b)  -> (artifact id: 'eeaf28948ca663e269700550cf035368') in 0.014763 seconds
  Import took 0.018030 seconds .

========================================================================
Received Import Request.
  Time since last request: 0.000205 seconds.
  path: Assets/Creator Kit - RPG/Prefabs/UI Camera.prefab
  artifactKey: Guid(fb58dc84dca7b49f99bde3835c80609b) Importer(815301076,1909f56bfc062723c751e8b465ee728b)
Start importing Assets/Creator Kit - RPG/Prefabs/UI Camera.prefab using Guid(fb58dc84dca7b49f99bde3835c80609b) Importer(815301076,1909f56bfc062723c751e8b465ee728b)  -> (artifact id: 'fada19cc72a4e5dd165d7bbae465716e') in 0.005202 seconds
  Import took 0.007903 seconds .

========================================================================
Received Import Request.
  Time since last request: 0.000237 seconds.
  path: Assets/Creator Kit - RPG/Prefabs/MessageBar.prefab
  artifactKey: Guid(81816288a86af46c598e1fa3b10e24a4) Importer(815301076,1909f56bfc062723c751e8b465ee728b)
Start importing Assets/Creator Kit - RPG/Prefabs/MessageBar.prefab using Guid(81816288a86af46c598e1fa3b10e24a4) Importer(815301076,1909f56bfc062723c751e8b465ee728b)  -> (artifact id: 'ef7e294fb76efd201bf6f83bfcdf3777') in 0.053863 seconds
  Import took 0.057016 seconds .

========================================================================
Received Import Request.
  Time since last request: 0.000210 seconds.
  path: Assets/Creator Kit - RPG/Prefabs/Main Camera.prefab
  artifactKey: Guid(1c14ebde4b5e54881a67b686f46e6b1d) Importer(815301076,1909f56bfc062723c751e8b465ee728b)
Start importing Assets/Creator Kit - RPG/Prefabs/Main Camera.prefab using Guid(1c14ebde4b5e54881a67b686f46e6b1d) Importer(815301076,1909f56bfc062723c751e8b465ee728b)  -> (artifact id: '854b5663baffd39d4b5b2b6766fbcd77') in 0.003561 seconds
  Import took 0.006098 seconds .

========================================================================
Received Import Request.
  Time since last request: 0.000210 seconds.
  path: Assets/Creator Kit - RPG/Prefabs/Tilemaps.prefab
  artifactKey: Guid(a6ecdc63374074e6eb42a738a5683a91) Importer(815301076,1909f56bfc062723c751e8b465ee728b)
Start importing Assets/Creator Kit - RPG/Prefabs/Tilemaps.prefab using Guid(a6ecdc63374074e6eb42a738a5683a91) Importer(815301076,1909f56bfc062723c751e8b465ee728b)  -> (artifact id: 'adb47fef5d8a5ed1cf8a341e90bafdc3') in 0.004304 seconds
  Import took 0.007340 seconds .

========================================================================
Received Import Request.
  Time since last request: 0.000213 seconds.
  path: Assets/Creator Kit - RPG/Prefabs/Grid.prefab
  artifactKey: Guid(9cfc23e1a92d54df288065697ba3e2f9) Importer(815301076,1909f56bfc062723c751e8b465ee728b)
Start importing Assets/Creator Kit - RPG/Prefabs/Grid.prefab using Guid(9cfc23e1a92d54df288065697ba3e2f9) Importer(815301076,1909f56bfc062723c751e8b465ee728b)  -> (artifact id: 'fbe6e82c8e756ab6a33d3bc8bdef9c3e') in 0.004718 seconds
  Import took 0.007693 seconds .

========================================================================
Received Import Request.
  Time since last request: 0.000229 seconds.
  path: Assets/Creator Kit - RPG/Prefabs/Controllers.prefab
  artifactKey: Guid(d96c0846c7d644f72bfbf301de1def5c) Importer(815301076,1909f56bfc062723c751e8b465ee728b)
Start importing Assets/Creator Kit - RPG/Prefabs/Controllers.prefab using Guid(d96c0846c7d644f72bfbf301de1def5c) Importer(815301076,1909f56bfc062723c751e8b465ee728b)  -> (artifact id: '539557ae03fc552e0ff8c6eef707da35') in 0.010248 seconds
  Import took 0.013317 seconds .

========================================================================
Received Import Request.
  Time since last request: 0.000202 seconds.
  path: Assets/Creator Kit - RPG/Prefabs/DialogController.prefab
  artifactKey: Guid(ab3f7178010354d87a5016c7d6b23a5a) Importer(815301076,1909f56bfc062723c751e8b465ee728b)
Start importing Assets/Creator Kit - RPG/Prefabs/DialogController.prefab using Guid(ab3f7178010354d87a5016c7d6b23a5a) Importer(815301076,1909f56bfc062723c751e8b465ee728b)  -> (artifact id: '7738c74f6ec1c5c6b6f1395f55f0f1a6') in 0.024582 seconds
  Import took 0.027673 seconds .

========================================================================
Received Import Request.
  Time since last request: 0.000266 seconds.
  path: Assets/Creator Kit - RPG/Prefabs/HouseOpenDoor.prefab
  artifactKey: Guid(8d9e5ee92a6bccc4892e3ebb23cc4766) Importer(815301076,1909f56bfc062723c751e8b465ee728b)
Start importing Assets/Creator Kit - RPG/Prefabs/HouseOpenDoor.prefab using Guid(8d9e5ee92a6bccc4892e3ebb23cc4766) Importer(815301076,1909f56bfc062723c751e8b465ee728b)  -> (artifact id: 'f915248a3793b40277c74b715ad0cc33') in 0.008386 seconds
  Import took 0.011647 seconds .

========================================================================
Received Import Request.
  Time since last request: 0.000203 seconds.
  path: Assets/Creator Kit - RPG/Prefabs/Inventory.prefab
  artifactKey: Guid(7c53998562858411aa85d8e0c4bc1333) Importer(815301076,1909f56bfc062723c751e8b465ee728b)
Start importing Assets/Creator Kit - RPG/Prefabs/Inventory.prefab using Guid(7c53998562858411aa85d8e0c4bc1333) Importer(815301076,1909f56bfc062723c751e8b465ee728b)  -> (artifact id: 'c1c57535de164241837b82bd6beddbcd') in 0.022624 seconds
  Import took 0.026089 seconds .

========================================================================
Received Import Request.
  Time since last request: 0.000225 seconds.
  path: Assets/Creator Kit - RPG/Prefabs/InventoryDialog.prefab
  artifactKey: Guid(9c7cbb01d716340ab97a9c902e59ccee) Importer(815301076,1909f56bfc062723c751e8b465ee728b)
Start importing Assets/Creator Kit - RPG/Prefabs/InventoryDialog.prefab using Guid(9c7cbb01d716340ab97a9c902e59ccee) Importer(815301076,1909f56bfc062723c751e8b465ee728b)  -> (artifact id: '80b7a7ed4ca9e1f0556015fc82f76ae0') in 0.023407 seconds
  Import took 0.026742 seconds .

========================================================================
Received Import Request.
  Time since last request: 0.000182 seconds.
  path: Assets/Creator Kit - RPG/Prefabs/HouseRoof.prefab
  artifactKey: Guid(4ca9604554bc54f608984cba5088222e) Importer(815301076,1909f56bfc062723c751e8b465ee728b)
Start importing Assets/Creator Kit - RPG/Prefabs/HouseRoof.prefab using Guid(4ca9604554bc54f608984cba5088222e) Importer(815301076,1909f56bfc062723c751e8b465ee728b)  -> (artifact id: '70f2a00e7078aba8f43411fc0b8a6eea') in 0.007685 seconds
  Import took 0.011062 seconds .

========================================================================
Received Import Request.
  Time since last request: 0.000273 seconds.
  path: Assets/Creator Kit - RPG/Prefabs/HouseChimney.prefab
  artifactKey: Guid(4d6bc847403394c328ca695ffeb4a209) Importer(815301076,1909f56bfc062723c751e8b465ee728b)
Start importing Assets/Creator Kit - RPG/Prefabs/HouseChimney.prefab using Guid(4d6bc847403394c328ca695ffeb4a209) Importer(815301076,1909f56bfc062723c751e8b465ee728b)  -> (artifact id: '3c0813a333e68879387b32a584bbfdcd') in 0.007397 seconds
  Import took 0.010465 seconds .

========================================================================
Received Import Request.
  Time since last request: 3.471914 seconds.
  path: Assets/Creator Kit - RPG/Scenes/EscenaRPG.unity
  artifactKey: Guid(8beb20e924abaaf4d862937bc0d8233b) Importer(815301076,1909f56bfc062723c751e8b465ee728b)
Start importing Assets/Creator Kit - RPG/Scenes/EscenaRPG.unity using Guid(8beb20e924abaaf4d862937bc0d8233b) Importer(815301076,1909f56bfc062723c751e8b465ee728b)  -> (artifact id: 'e466093c7634aced4cecfea0e80b6a74') in 0.002900 seconds
  Import took 0.006206 seconds .

========================================================================
Received Import Request.
  Time since last request: 0.000567 seconds.
  path: Assets/Creator Kit - RPG/Scenes/EscenaRPG.unity
  artifactKey: Guid(8beb20e924abaaf4d862937bc0d8233b) Importer(815301076,1909f56bfc062723c751e8b465ee728b)
Start importing Assets/Creator Kit - RPG/Scenes/EscenaRPG.unity using Guid(8beb20e924abaaf4d862937bc0d8233b) Importer(815301076,1909f56bfc062723c751e8b465ee728b)  -> (artifact id: 'e466093c7634aced4cecfea0e80b6a74') in 0.002517 seconds
  Import took 0.005261 seconds .

========================================================================
Received Prepare
Registering precompiled user dll's ...
Registered in 0.002162 seconds.
Begin MonoManager ReloadAssembly
Native extension for WindowsStandalone target not found
Refreshing native plugins compatible for Editor in 0.47 ms, found 0 plugins.
Preloading 0 native plugins for Editor in 0.00 ms.
Invoked RoslynAnalysisRunner static constructor.
RoslynAnalysisRunner will not be running.
RoslynAnalysisRunner has terminated.
Mono: successfully reloaded assembly
- Completed reload, in  0.679 seconds
Platform modules already initialized, skipping
Refreshing native plugins compatible for Editor in 0.45 ms, found 0 plugins.
Preloading 0 native plugins for Editor in 0.00 ms.
Unloading 1491 Unused Serialized files (Serialized files now loaded: 0)
System memory in use before: 77.2 MB.
System memory in use after: 77.3 MB.

Unloading 26 unused Assets to reduce memory usage. Loaded Objects now: 2528.
Total: 1.640400 ms (FindLiveObjects: 0.168800 ms CreateObjectMapping: 0.046400 ms MarkObjects: 1.385300 ms  DeleteObjects: 0.039000 ms)

========================================================================
Received Prepare
Registering precompiled user dll's ...
Registered in 0.002400 seconds.
Begin MonoManager ReloadAssembly
Native extension for WindowsStandalone target not found
Refreshing native plugins compatible for Editor in 0.99 ms, found 0 plugins.
Preloading 0 native plugins for Editor in 0.00 ms.
Invoked RoslynAnalysisRunner static constructor.
RoslynAnalysisRunner will not be running.
RoslynAnalysisRunner has terminated.
Mono: successfully reloaded assembly
- Completed reload, in  0.687 seconds
Platform modules already initialized, skipping
Refreshing native plugins compatible for Editor in 0.46 ms, found 0 plugins.
Preloading 0 native plugins for Editor in 0.00 ms.
Unloading 1491 Unused Serialized files (Serialized files now loaded: 0)
System memory in use before: 77.1 MB.
System memory in use after: 77.2 MB.

Unloading 24 unused Assets to reduce memory usage. Loaded Objects now: 2531.
Total: 1.740400 ms (FindLiveObjects: 0.283500 ms CreateObjectMapping: 0.053700 ms MarkObjects: 1.386000 ms  DeleteObjects: 0.015800 ms)

========================================================================
Received Import Request.
  Time since last request: 2918.173903 seconds.
  path: Assets/Creator Kit - RPG/Art/Sprites/Characters/Characters01_AnimationSheet.png
  artifactKey: Guid(f22540e8ea335034b92c27795aa254c6) Importer(815301076,1909f56bfc062723c751e8b465ee728b)
Start importing Assets/Creator Kit - RPG/Art/Sprites/Characters/Characters01_AnimationSheet.png using Guid(f22540e8ea335034b92c27795aa254c6) Importer(815301076,1909f56bfc062723c751e8b465ee728b)  -> (artifact id: '0aca79233c73f9bae4c5a1a280945683') in 0.156112 seconds
  Import took 0.159980 seconds .

========================================================================
Received Import Request.
  Time since last request: 0.000248 seconds.
  path: Assets/Creator Kit - RPG/Art/Sprites/Animated Environment/Animated_HighGrass_Sheet.png
  artifactKey: Guid(41a5838cb902bfa43b3d51f653cd804a) Importer(815301076,1909f56bfc062723c751e8b465ee728b)
Start importing Assets/Creator Kit - RPG/Art/Sprites/Animated Environment/Animated_HighGrass_Sheet.png using Guid(41a5838cb902bfa43b3d51f653cd804a) Importer(815301076,1909f56bfc062723c751e8b465ee728b)  -> (artifact id: '3b5e1f8c693a7c76a7f7b75d754120c8') in 0.081300 seconds
  Import took 0.084458 seconds .

========================================================================
Received Import Request.
  Time since last request: 0.000277 seconds.
  path: Assets/Creator Kit - RPG/Art/Sprites/Characters/Characters01_AnimationSheet.png
  artifactKey: Guid(f22540e8ea335034b92c27795aa254c6) Importer(815301076,1909f56bfc062723c751e8b465ee728b)
Start importing Assets/Creator Kit - RPG/Art/Sprites/Characters/Characters01_AnimationSheet.png using Guid(f22540e8ea335034b92c27795aa254c6) Importer(815301076,1909f56bfc062723c751e8b465ee728b)  -> (artifact id: '0aca79233c73f9bae4c5a1a280945683') in 0.074684 seconds
  Import took 0.077567 seconds .

========================================================================
Received Import Request.
  Time since last request: 0.000255 seconds.
  path: Assets/Creator Kit - RPG/Art/Sprites/Environment/Items.png
  artifactKey: Guid(a4dbce958f01af8489942a973bfe20c3) Importer(815301076,1909f56bfc062723c751e8b465ee728b)
Start importing Assets/Creator Kit - RPG/Art/Sprites/Environment/Items.png using Guid(a4dbce958f01af8489942a973bfe20c3) Importer(815301076,1909f56bfc062723c751e8b465ee728b)  -> (artifact id: 'f35d99bf744665ec56d0469a98970432') in 0.021556 seconds
  Import took 0.024580 seconds .

========================================================================
Received Import Request.
  Time since last request: 0.000222 seconds.
  path: Assets/Creator Kit - RPG/Art/Sprites/Characters/Characters02_AnimationSheet.png
  artifactKey: Guid(3f198c94b65508c44a32b4b4072bb419) Importer(815301076,1909f56bfc062723c751e8b465ee728b)
Start importing Assets/Creator Kit - RPG/Art/Sprites/Characters/Characters02_AnimationSheet.png using Guid(3f198c94b65508c44a32b4b4072bb419) Importer(815301076,1909f56bfc062723c751e8b465ee728b)  -> (artifact id: '822c56cb0c3ca7036e9a54400ad6cb7f') in 0.061326 seconds
  Import took 0.064284 seconds .

========================================================================
Received Import Request.
  Time since last request: 0.002650 seconds.
  path: Assets/Creator Kit - RPG/Art/Sprites/Characters/Characters02_AnimationSheet.png
  artifactKey: Guid(3f198c94b65508c44a32b4b4072bb419) Importer(815301076,1909f56bfc062723c751e8b465ee728b)
Start importing Assets/Creator Kit - RPG/Art/Sprites/Characters/Characters02_AnimationSheet.png using Guid(3f198c94b65508c44a32b4b4072bb419) Importer(815301076,1909f56bfc062723c751e8b465ee728b)  -> (artifact id: '822c56cb0c3ca7036e9a54400ad6cb7f') in 0.060153 seconds
  Import took 0.063323 seconds .

========================================================================
Received Prepare
Registering precompiled user dll's ...
Registered in 0.002114 seconds.
Begin MonoManager ReloadAssembly
Native extension for WindowsStandalone target not found
Refreshing native plugins compatible for Editor in 0.45 ms, found 0 plugins.
Preloading 0 native plugins for Editor in 0.00 ms.
Invoked RoslynAnalysisRunner static constructor.
RoslynAnalysisRunner will not be running.
RoslynAnalysisRunner has terminated.
Mono: successfully reloaded assembly
- Completed reload, in  0.674 seconds
Platform modules already initialized, skipping
Refreshing native plugins compatible for Editor in 0.45 ms, found 0 plugins.
Preloading 0 native plugins for Editor in 0.00 ms.
Unloading 1491 Unused Serialized files (Serialized files now loaded: 0)
System memory in use before: 77.2 MB.
System memory in use after: 77.3 MB.

Unloading 24 unused Assets to reduce memory usage. Loaded Objects now: 2557.
Total: 1.603300 ms (FindLiveObjects: 0.217300 ms CreateObjectMapping: 0.046100 ms MarkObjects: 1.323200 ms  DeleteObjects: 0.015600 ms)

========================================================================
Received Import Request.
  Time since last request: 3634.706783 seconds.
  path: Assets/Creator Kit - RPG/Scripts/Gameplay
  artifactKey: Guid(467f3f1700f104bdca1c78420950c919) Importer(815301076,1909f56bfc062723c751e8b465ee728b)
Start importing Assets/Creator Kit - RPG/Scripts/Gameplay using Guid(467f3f1700f104bdca1c78420950c919) Importer(815301076,1909f56bfc062723c751e8b465ee728b)  -> (artifact id: '151098066f084bb1997a01af8747a0a3') in 0.005316 seconds
  Import took 0.008512 seconds .

========================================================================
Received Import Request.
  Time since last request: 6.627024 seconds.
  path: Assets/Creator Kit - RPG/Scripts/Gameplay/NewBehaviourScript.cs
  artifactKey: Guid(b4d858831d187f641a7a2e2f42e96b47) Importer(815301076,1909f56bfc062723c751e8b465ee728b)
Start importing Assets/Creator Kit - RPG/Scripts/Gameplay/NewBehaviourScript.cs using Guid(b4d858831d187f641a7a2e2f42e96b47) Importer(815301076,1909f56bfc062723c751e8b465ee728b)  -> (artifact id: 'a850068b72e7fb701f3b3617df3f0c1f') in 0.002339 seconds
  Import took 0.005318 seconds .

========================================================================
Received Prepare
Registering precompiled user dll's ...
Registered in 0.002015 seconds.
Begin MonoManager ReloadAssembly
Native extension for WindowsStandalone target not found
Refreshing native plugins compatible for Editor in 0.45 ms, found 0 plugins.
Preloading 0 native plugins for Editor in 0.00 ms.
Invoked RoslynAnalysisRunner static constructor.
RoslynAnalysisRunner will not be running.
RoslynAnalysisRunner has terminated.
Mono: successfully reloaded assembly
- Completed reload, in  0.662 seconds
Platform modules already initialized, skipping
Refreshing native plugins compatible for Editor in 0.45 ms, found 0 plugins.
Preloading 0 native plugins for Editor in 0.00 ms.
Unloading 1492 Unused Serialized files (Serialized files now loaded: 0)
System memory in use before: 77.3 MB.
System memory in use after: 77.4 MB.

Unloading 24 unused Assets to reduce memory usage. Loaded Objects now: 2561.
Total: 1.646600 ms (FindLiveObjects: 0.200500 ms CreateObjectMapping: 0.047100 ms MarkObjects: 1.381600 ms  DeleteObjects: 0.016600 ms)

========================================================================
Received Import Request.
  Time since last request: 28.351392 seconds.
  path: Assets/Creator Kit - RPG/Scripts/Gameplay/SpeachRecognition.cs
  artifactKey: Guid(b4d858831d187f641a7a2e2f42e96b47) Importer(815301076,1909f56bfc062723c751e8b465ee728b)
Start importing Assets/Creator Kit - RPG/Scripts/Gameplay/SpeachRecognition.cs using Guid(b4d858831d187f641a7a2e2f42e96b47) Importer(815301076,1909f56bfc062723c751e8b465ee728b)  -> (artifact id: '374e3a30bd263ee04125ce480b2876a6') in 0.005352 seconds
  Import took 0.008539 seconds .

========================================================================
Received Prepare
Registering precompiled user dll's ...
Registered in 0.002006 seconds.
Begin MonoManager ReloadAssembly
Native extension for WindowsStandalone target not found
Refreshing native plugins compatible for Editor in 0.45 ms, found 0 plugins.
Preloading 0 native plugins for Editor in 0.00 ms.
Invoked RoslynAnalysisRunner static constructor.
RoslynAnalysisRunner will not be running.
RoslynAnalysisRunner has terminated.
Mono: successfully reloaded assembly
- Completed reload, in  0.652 seconds
Platform modules already initialized, skipping
Refreshing native plugins compatible for Editor in 0.43 ms, found 0 plugins.
Preloading 0 native plugins for Editor in 0.00 ms.
Unloading 1492 Unused Serialized files (Serialized files now loaded: 0)
System memory in use before: 77.2 MB.
System memory in use after: 77.4 MB.

Unloading 24 unused Assets to reduce memory usage. Loaded Objects now: 2564.
Total: 1.674000 ms (FindLiveObjects: 0.186200 ms CreateObjectMapping: 0.046200 ms MarkObjects: 1.422300 ms  DeleteObjects: 0.018000 ms)

AssetImportWorkerClient::OnTransportError - code=2 error=End of file
